#
# There is insufficient memory for the Java Runtime Environment to continue.
# Native memory allocation (mmap) failed to map 46137344 bytes for G1 virtual space
# Possible reasons:
#   The system is out of physical RAM or swap space
#   The process is running with CompressedOops enabled, and the Java Heap may be blocking the growth of the native heap
# Possible solutions:
#   Reduce memory load on the system
#   Increase physical memory or swap space
#   Check if swap backing store is full
#   Decrease Java heap size (-Xmx/-Xms)
#   Decrease number of Java threads
#   Decrease Java thread stack sizes (-Xss)
#   Set larger code cache with -XX:ReservedCodeCacheSize=
#   JVM is running with Unscaled Compressed Oops mode in which the Java heap is
#     placed in the first 4GB address space. The Java Heap base address is the
#     maximum limit for the native heap growth. Please use -XX:HeapBaseMinAddress
#     to set the Java Heap base and to place the Java Heap above 4GB virtual address.
# This output file may be truncated or incomplete.
#
#  Out of Memory Error (os_windows.cpp:3548), pid=7896, tid=6416
#
# JRE version: Java(TM) SE Runtime Environment (17.0.12+8) (build 17.0.12+8-LTS-286)
# Java VM: Java HotSpot(TM) 64-Bit Server VM (17.0.12+8-LTS-286, mixed mode, emulated-client, sharing, tiered, compressed oops, compressed class ptrs, g1 gc, windows-amd64)
# Core dump will be written. Default location: C:\Users\Administrator\FuncionarioProject\hs_err_pid7896.mdmp
#

---------------  S U M M A R Y ------------

Command Line: -Dcom.sun.management.jmxremote -Dcom.sun.management.jmxremote.port=54692 -Dcom.sun.management.jmxremote.authenticate=false -Dcom.sun.management.jmxremote.ssl=false -Djava.rmi.server.hostname=localhost -Dspring.jmx.enabled=true -Dmanagement.endpoints.jmx.exposure.include=* -Dspring.application.admin.enabled=true -XX:TieredStopAtLevel=1 -Dspring.boot.project.name=FuncionarioProject -Dfile.encoding=UTF-8 -Dstdout.encoding=UTF-8 -Dstderr.encoding=UTF-8 -XX:+ShowCodeDetailsInExceptionMessages com.example.demo.FuncionarioProjectApplication --spring.output.ansi.enabled=always

Host: Intel(R) Xeon(R) CPU E5-2686 v4 @ 2.30GHz, 2 cores, 3G,  Windows Server 2022 , 64 bit Build 20348 (10.0.20348.3089)
Time: Wed Jan 29 13:32:37 2025 Coordinated Universal Time elapsed time: 9.211274 seconds (0d 0h 0m 9s)

---------------  T H R E A D  ---------------

Current thread (0x000002868415f010):  VMThread "VM Thread" [stack: 0x0000009351600000,0x0000009351700000] [id=6416]

Stack: [0x0000009351600000,0x0000009351700000]
Native frames: (J=compiled Java code, j=interpreted, Vv=VM code, C=native code)
V  [jvm.dll+0x67a04a]
V  [jvm.dll+0x7da4ed]
V  [jvm.dll+0x7dbe33]
V  [jvm.dll+0x7dc4a3]
V  [jvm.dll+0x24508f]
V  [jvm.dll+0x677089]
V  [jvm.dll+0x66bd32]
V  [jvm.dll+0x301fa6]
V  [jvm.dll+0x309546]
V  [jvm.dll+0x359d2e]
V  [jvm.dll+0x359f5f]
V  [jvm.dll+0x2d9078]
V  [jvm.dll+0x2d74ad]
V  [jvm.dll+0x2d6afc]
V  [jvm.dll+0x31a65b]
V  [jvm.dll+0x7e0d9b]
V  [jvm.dll+0x7e1ad4]
V  [jvm.dll+0x7e1fed]
V  [jvm.dll+0x7e23c4]
V  [jvm.dll+0x7e2490]
V  [jvm.dll+0x78abea]
V  [jvm.dll+0x678f35]
C  [ucrtbase.dll+0x26b4c]
C  [KERNEL32.DLL+0x14cb0]
C  [ntdll.dll+0x7edcb]

VM_Operation (0x0000009352bfc300): G1CollectForAllocation, mode: safepoint, requested by thread 0x0000028684befb70


---------------  P R O C E S S  ---------------

Threads class SMR info:
_java_thread_list=0x00000286899c1fd0, length=21, elements={
0x0000028634406350, 0x00000286841607b0, 0x00000286344bab90, 0x00000286344c95e0,
0x00000286344ca370, 0x00000286344cdd50, 0x00000286344ce710, 0x0000028684161370,
0x0000028684190d20, 0x00000286841f81d0, 0x000002868438b720, 0x00000286848a11d0,
0x00000286848cf020, 0x00000286848a37d0, 0x0000028684966020, 0x0000028684b81700,
0x0000028684b79c50, 0x0000028684bf0590, 0x0000028684bf0080, 0x0000028684befb70,
0x0000028684e29200
}

Java Threads: ( => current thread )
  0x0000028634406350 JavaThread "main" [_thread_blocked, id=2388, stack(0x0000009351000000,0x0000009351100000)]
  0x00000286841607b0 JavaThread "Reference Handler" daemon [_thread_blocked, id=6456, stack(0x0000009351700000,0x0000009351800000)]
  0x00000286344bab90 JavaThread "Finalizer" daemon [_thread_blocked, id=1400, stack(0x0000009351800000,0x0000009351900000)]
  0x00000286344c95e0 JavaThread "Signal Dispatcher" daemon [_thread_blocked, id=6640, stack(0x0000009351900000,0x0000009351a00000)]
  0x00000286344ca370 JavaThread "Attach Listener" daemon [_thread_blocked, id=5548, stack(0x0000009351a00000,0x0000009351b00000)]
  0x00000286344cdd50 JavaThread "Service Thread" daemon [_thread_blocked, id=3468, stack(0x0000009351b00000,0x0000009351c00000)]
  0x00000286344ce710 JavaThread "Monitor Deflation Thread" daemon [_thread_blocked, id=6204, stack(0x0000009351c00000,0x0000009351d00000)]
  0x0000028684161370 JavaThread "C1 CompilerThread0" daemon [_thread_blocked, id=3804, stack(0x0000009351d00000,0x0000009351e00000)]
  0x0000028684190d20 JavaThread "Sweeper thread" daemon [_thread_blocked, id=6608, stack(0x0000009351e00000,0x0000009351f00000)]
  0x00000286841f81d0 JavaThread "Common-Cleaner" daemon [_thread_blocked, id=4624, stack(0x0000009351f00000,0x0000009352000000)]
  0x000002868438b720 JavaThread "Notification Thread" daemon [_thread_blocked, id=7468, stack(0x0000009352000000,0x0000009352100000)]
  0x00000286848a11d0 JavaThread "RMI TCP Accept-0" daemon [_thread_in_native, id=1432, stack(0x0000009352200000,0x0000009352300000)]
  0x00000286848cf020 JavaThread "RMI TCP Accept-54692" daemon [_thread_in_native, id=6660, stack(0x0000009352300000,0x0000009352400000)]
  0x00000286848a37d0 JavaThread "RMI TCP Accept-0" daemon [_thread_in_native, id=680, stack(0x0000009352400000,0x0000009352500000)]
  0x0000028684966020 JavaThread "RMI TCP Connection(1)-127.0.0.1" daemon [_thread_in_native, id=2212, stack(0x0000009352600000,0x0000009352700000)]
  0x0000028684b81700 JavaThread "RMI Scheduler(0)" daemon [_thread_blocked, id=6896, stack(0x0000009352700000,0x0000009352800000)]
  0x0000028684b79c50 JavaThread "RMI TCP Connection(2)-127.0.0.1" daemon [_thread_blocked, id=5796, stack(0x0000009352800000,0x0000009352900000)]
  0x0000028684bf0590 JavaThread "JMX server connection timeout 20" daemon [_thread_blocked, id=6620, stack(0x0000009352900000,0x0000009352a00000)]
  0x0000028684bf0080 JavaThread "Thread-0" [_thread_blocked, id=2864, stack(0x0000009352a00000,0x0000009352b00000)]
  0x0000028684befb70 JavaThread "restartedMain" [_thread_blocked, id=2756, stack(0x0000009352b00000,0x0000009352c00000)]
  0x0000028684e29200 JavaThread "C1 CompilerThread1" daemon [_thread_blocked, id=6240, stack(0x0000009352c00000,0x0000009352d00000)]

Other Threads:
=>0x000002868415f010 VMThread "VM Thread" [stack: 0x0000009351600000,0x0000009351700000] [id=6416]
  0x000002863242e400 WatcherThread [stack: 0x0000009352500000,0x0000009352600000] [id=6800]
  0x0000028634442c10 GCTaskThread "GC Thread#0" [stack: 0x0000009351100000,0x0000009351200000] [id=5124]
  0x00000286846ca590 GCTaskThread "GC Thread#1" [stack: 0x0000009352100000,0x0000009352200000] [id=6952]
  0x000002863444bb70 ConcurrentGCThread "G1 Main Marker" [stack: 0x0000009351200000,0x0000009351300000] [id=5672]
  0x000002863444cd20 ConcurrentGCThread "G1 Conc#0" [stack: 0x0000009351300000,0x0000009351400000] [id=4584]
  0x000002863448f110 ConcurrentGCThread "G1 Refine#0" [stack: 0x0000009351400000,0x0000009351500000] [id=6156]
  0x00000286344902e0 ConcurrentGCThread "G1 Service" [stack: 0x0000009351500000,0x0000009351600000] [id=6628]

Threads with active compile tasks:

VM state: at safepoint (normal execution)

VM Mutex/Monitor currently owned by a thread:  ([mutex/lock_event])
[0x000002863242ab00] Threads_lock - owner thread: 0x000002868415f010
[0x000002863242a7a0] Heap_lock - owner thread: 0x0000028684befb70

Heap address: 0x00000000c0000000, size: 1024 MB, Compressed Oops mode: 32-bit

CDS archive(s) mapped at: [0x0000028643000000-0x0000028643bd0000-0x0000028643bd0000), size 12386304, SharedBaseAddress: 0x0000028643000000, ArchiveRelocationMode: 1.
Compressed class space mapped at: 0x0000028644000000-0x0000028684000000, reserved size: 1073741824
Narrow klass base: 0x0000028643000000, Narrow klass shift: 0, Narrow klass range: 0x100000000

GC Precious Log:
 CPUs: 2 total, 2 available
 Memory: 4095M
 Large Page Support: Disabled
 NUMA Support: Disabled
 Compressed Oops: Enabled (32-bit)
 Heap Region Size: 1M
 Heap Min Capacity: 8M
 Heap Initial Capacity: 64M
 Heap Max Capacity: 1G
 Pre-touch: Disabled
 Parallel Workers: 2
 Concurrent Workers: 1
 Concurrent Refinement Workers: 2
 Periodic GC: Disabled

Heap:
 garbage-first heap   total 65536K, used 18938K [0x00000000c0000000, 0x0000000100000000)
  region size 1024K, 2 young (2048K), 2 survivors (2048K)
 Metaspace       used 28521K, committed 28928K, reserved 1114112K
  class space    used 3972K, committed 4160K, reserved 1048576K

Heap Regions: E=young(eden), S=young(survivor), O=old, HS=humongous(starts), HC=humongous(continues), CS=collection set, F=free, OA=open archive, CA=closed archive, TAMS=top-at-mark-start (previous, next)
|   0|0x00000000c0000000, 0x00000000c0100000, 0x00000000c0100000|100%|HS|  |TAMS 0x00000000c0100000, 0x00000000c0000000| Complete 
|   1|0x00000000c0100000, 0x00000000c0100000, 0x00000000c0200000|  0%| F|  |TAMS 0x00000000c0100000, 0x00000000c0100000| Untracked 
|   2|0x00000000c0200000, 0x00000000c0300000, 0x00000000c0300000|100%| O|  |TAMS 0x00000000c0300000, 0x00000000c0200000| Untracked 
|   3|0x00000000c0300000, 0x00000000c0400000, 0x00000000c0400000|100%| O|  |TAMS 0x00000000c0400000, 0x00000000c0300000| Untracked 
|   4|0x00000000c0400000, 0x00000000c0500000, 0x00000000c0500000|100%| O|  |TAMS 0x00000000c0500000, 0x00000000c0400000| Untracked 
|   5|0x00000000c0500000, 0x00000000c0600000, 0x00000000c0600000|100%| O|  |TAMS 0x00000000c0600000, 0x00000000c0500000| Untracked 
|   6|0x00000000c0600000, 0x00000000c0700000, 0x00000000c0700000|100%| O|  |TAMS 0x00000000c0700000, 0x00000000c0600000| Untracked 
|   7|0x00000000c0700000, 0x00000000c0800000, 0x00000000c0800000|100%| O|  |TAMS 0x00000000c0800000, 0x00000000c0700000| Untracked 
|   8|0x00000000c0800000, 0x00000000c0900000, 0x00000000c0900000|100%| O|  |TAMS 0x00000000c0863800, 0x00000000c0800000| Untracked 
|   9|0x00000000c0900000, 0x00000000c0a00000, 0x00000000c0a00000|100%| O|  |TAMS 0x00000000c0900000, 0x00000000c0900000| Untracked 
|  10|0x00000000c0a00000, 0x00000000c0b00000, 0x00000000c0b00000|100%| O|  |TAMS 0x00000000c0a00000, 0x00000000c0a00000| Untracked 
|  11|0x00000000c0b00000, 0x00000000c0c00000, 0x00000000c0c00000|100%| O|  |TAMS 0x00000000c0b00000, 0x00000000c0b00000| Untracked 
|  12|0x00000000c0c00000, 0x00000000c0ce2a00, 0x00000000c0d00000| 88%| O|  |TAMS 0x00000000c0c00000, 0x00000000c0c00000| Untracked 
|  13|0x00000000c0d00000, 0x00000000c0e00000, 0x00000000c0e00000|100%| O|  |TAMS 0x00000000c0d00000, 0x00000000c0d00000| Untracked 
|  14|0x00000000c0e00000, 0x00000000c0f00000, 0x00000000c0f00000|100%| O|  |TAMS 0x00000000c0e00000, 0x00000000c0e00000| Untracked 
|  15|0x00000000c0f00000, 0x00000000c1000000, 0x00000000c1000000|100%| O|  |TAMS 0x00000000c0f00000, 0x00000000c0f00000| Untracked 
|  16|0x00000000c1000000, 0x00000000c1100000, 0x00000000c1100000|100%| O|  |TAMS 0x00000000c1000000, 0x00000000c1000000| Untracked 
|  17|0x00000000c1100000, 0x00000000c119f200, 0x00000000c1200000| 62%| O|  |TAMS 0x00000000c1100000, 0x00000000c1100000| Untracked 
|  18|0x00000000c1200000, 0x00000000c1200000, 0x00000000c1300000|  0%| F|  |TAMS 0x00000000c1200000, 0x00000000c1200000| Untracked 
|  19|0x00000000c1300000, 0x00000000c1300000, 0x00000000c1400000|  0%| F|  |TAMS 0x00000000c1300000, 0x00000000c1300000| Untracked 
|  20|0x00000000c1400000, 0x00000000c1400000, 0x00000000c1500000|  0%| F|  |TAMS 0x00000000c1400000, 0x00000000c1400000| Untracked 
|  21|0x00000000c1500000, 0x00000000c1500000, 0x00000000c1600000|  0%| F|  |TAMS 0x00000000c1500000, 0x00000000c1500000| Untracked 
|  22|0x00000000c1600000, 0x00000000c1600000, 0x00000000c1700000|  0%| F|  |TAMS 0x00000000c1600000, 0x00000000c1600000| Untracked 
|  23|0x00000000c1700000, 0x00000000c1700000, 0x00000000c1800000|  0%| F|  |TAMS 0x00000000c1700000, 0x00000000c1700000| Untracked 
|  24|0x00000000c1800000, 0x00000000c1800000, 0x00000000c1900000|  0%| F|  |TAMS 0x00000000c1800000, 0x00000000c1800000| Untracked 
|  25|0x00000000c1900000, 0x00000000c1900000, 0x00000000c1a00000|  0%| F|  |TAMS 0x00000000c1900000, 0x00000000c1900000| Untracked 
|  26|0x00000000c1a00000, 0x00000000c1a00000, 0x00000000c1b00000|  0%| F|  |TAMS 0x00000000c1a00000, 0x00000000c1a00000| Untracked 
|  27|0x00000000c1b00000, 0x00000000c1b00000, 0x00000000c1c00000|  0%| F|  |TAMS 0x00000000c1b00000, 0x00000000c1b00000| Untracked 
|  28|0x00000000c1c00000, 0x00000000c1c00000, 0x00000000c1d00000|  0%| F|  |TAMS 0x00000000c1c00000, 0x00000000c1c00000| Untracked 
|  29|0x00000000c1d00000, 0x00000000c1dfcc38, 0x00000000c1e00000| 98%| S|CS|TAMS 0x00000000c1d00000, 0x00000000c1d00000| Complete 
|  30|0x00000000c1e00000, 0x00000000c1f00000, 0x00000000c1f00000|100%| S|CS|TAMS 0x00000000c1e00000, 0x00000000c1e00000| Complete 
|  31|0x00000000c1f00000, 0x00000000c1f00000, 0x00000000c2000000|  0%| F|  |TAMS 0x00000000c1f00000, 0x00000000c1f00000| Untracked 
|  32|0x00000000c2000000, 0x00000000c2000000, 0x00000000c2100000|  0%| F|  |TAMS 0x00000000c2000000, 0x00000000c2000000| Untracked 
|  33|0x00000000c2100000, 0x00000000c2100000, 0x00000000c2200000|  0%| F|  |TAMS 0x00000000c2100000, 0x00000000c2100000| Untracked 
|  34|0x00000000c2200000, 0x00000000c2200000, 0x00000000c2300000|  0%| F|  |TAMS 0x00000000c2200000, 0x00000000c2200000| Untracked 
|  35|0x00000000c2300000, 0x00000000c2300000, 0x00000000c2400000|  0%| F|  |TAMS 0x00000000c2300000, 0x00000000c2300000| Untracked 
|  36|0x00000000c2400000, 0x00000000c2400000, 0x00000000c2500000|  0%| F|  |TAMS 0x00000000c2400000, 0x00000000c2400000| Untracked 
|  37|0x00000000c2500000, 0x00000000c2500000, 0x00000000c2600000|  0%| F|  |TAMS 0x00000000c2500000, 0x00000000c2500000| Untracked 
|  38|0x00000000c2600000, 0x00000000c2600000, 0x00000000c2700000|  0%| F|  |TAMS 0x00000000c2600000, 0x00000000c2600000| Untracked 
|  39|0x00000000c2700000, 0x00000000c2700000, 0x00000000c2800000|  0%| F|  |TAMS 0x00000000c2700000, 0x00000000c2700000| Untracked 
|  40|0x00000000c2800000, 0x00000000c2800000, 0x00000000c2900000|  0%| F|  |TAMS 0x00000000c2800000, 0x00000000c2800000| Untracked 
|  41|0x00000000c2900000, 0x00000000c2900000, 0x00000000c2a00000|  0%| F|  |TAMS 0x00000000c2900000, 0x00000000c2900000| Untracked 
|  42|0x00000000c2a00000, 0x00000000c2a00000, 0x00000000c2b00000|  0%| F|  |TAMS 0x00000000c2a00000, 0x00000000c2a00000| Untracked 
|  43|0x00000000c2b00000, 0x00000000c2b00000, 0x00000000c2c00000|  0%| F|  |TAMS 0x00000000c2b00000, 0x00000000c2b00000| Untracked 
|  44|0x00000000c2c00000, 0x00000000c2c00000, 0x00000000c2d00000|  0%| F|  |TAMS 0x00000000c2c00000, 0x00000000c2c00000| Untracked 
|  45|0x00000000c2d00000, 0x00000000c2d00000, 0x00000000c2e00000|  0%| F|  |TAMS 0x00000000c2d00000, 0x00000000c2d00000| Untracked 
|  46|0x00000000c2e00000, 0x00000000c2e00000, 0x00000000c2f00000|  0%| F|  |TAMS 0x00000000c2e00000, 0x00000000c2e00000| Untracked 
|  47|0x00000000c2f00000, 0x00000000c2f00000, 0x00000000c3000000|  0%| F|  |TAMS 0x00000000c2f00000, 0x00000000c2f00000| Untracked 
|  48|0x00000000c3000000, 0x00000000c3000000, 0x00000000c3100000|  0%| F|  |TAMS 0x00000000c3000000, 0x00000000c3000000| Untracked 
|  49|0x00000000c3100000, 0x00000000c3100000, 0x00000000c3200000|  0%| F|  |TAMS 0x00000000c3100000, 0x00000000c3100000| Untracked 
|  50|0x00000000c3200000, 0x00000000c3200000, 0x00000000c3300000|  0%| F|  |TAMS 0x00000000c3200000, 0x00000000c3200000| Untracked 
|  51|0x00000000c3300000, 0x00000000c3300000, 0x00000000c3400000|  0%| F|  |TAMS 0x00000000c3300000, 0x00000000c3300000| Untracked 
|  52|0x00000000c3400000, 0x00000000c3400000, 0x00000000c3500000|  0%| F|  |TAMS 0x00000000c3400000, 0x00000000c3400000| Untracked 
|  53|0x00000000c3500000, 0x00000000c3500000, 0x00000000c3600000|  0%| F|  |TAMS 0x00000000c3500000, 0x00000000c3500000| Untracked 
|  54|0x00000000c3600000, 0x00000000c3600000, 0x00000000c3700000|  0%| F|  |TAMS 0x00000000c3600000, 0x00000000c3600000| Untracked 
|  55|0x00000000c3700000, 0x00000000c3700000, 0x00000000c3800000|  0%| F|  |TAMS 0x00000000c3700000, 0x00000000c3700000| Untracked 
|  56|0x00000000c3800000, 0x00000000c3800000, 0x00000000c3900000|  0%| F|  |TAMS 0x00000000c3800000, 0x00000000c3800000| Untracked 
|  57|0x00000000c3900000, 0x00000000c3900000, 0x00000000c3a00000|  0%| F|  |TAMS 0x00000000c3900000, 0x00000000c3900000| Untracked 
|  58|0x00000000c3a00000, 0x00000000c3a00000, 0x00000000c3b00000|  0%| F|  |TAMS 0x00000000c3a00000, 0x00000000c3a00000| Untracked 
|  59|0x00000000c3b00000, 0x00000000c3b00000, 0x00000000c3c00000|  0%| F|  |TAMS 0x00000000c3b00000, 0x00000000c3b00000| Untracked 
|  60|0x00000000c3c00000, 0x00000000c3c00000, 0x00000000c3d00000|  0%| F|  |TAMS 0x00000000c3c00000, 0x00000000c3c00000| Untracked 
|  61|0x00000000c3d00000, 0x00000000c3d00000, 0x00000000c3e00000|  0%| F|  |TAMS 0x00000000c3d00000, 0x00000000c3d00000| Untracked 
|  62|0x00000000c3e00000, 0x00000000c3e00000, 0x00000000c3f00000|  0%| F|  |TAMS 0x00000000c3e00000, 0x00000000c3e00000| Untracked 
|  63|0x00000000c3f00000, 0x00000000c3f00000, 0x00000000c4000000|  0%| F|  |TAMS 0x00000000c3f00000, 0x00000000c3f00000| Untracked 

Card table byte_map: [0x0000028634050000,0x0000028634250000] _byte_map_base: 0x0000028633a50000

Marking Bits (Prev, Next): (CMBitMap*) 0x0000028634443280, (CMBitMap*) 0x0000028634443240
 Prev Bits: [0x000002863fec0000, 0x0000028640ec0000)
 Next Bits: [0x000002863eec0000, 0x000002863fec0000)

Polling page: 0x00000286322d0000

Metaspace:

Usage:
  Non-class:     23.97 MB used.
      Class:      3.88 MB used.
       Both:     27.85 MB used.

Virtual space:
  Non-class space:       64.00 MB reserved,      24.19 MB ( 38%) committed,  1 nodes.
      Class space:        1.00 GB reserved,       4.06 MB ( <1%) committed,  1 nodes.
             Both:        1.06 GB reserved,      28.25 MB (  3%) committed. 

Chunk freelists:
   Non-Class:  7.08 MB
       Class:  11.91 MB
        Both:  18.99 MB

MaxMetaspaceSize: unlimited
CompressedClassSpaceSize: 1.00 GB
Initial GC threshold: 21.00 MB
Current GC threshold: 35.31 MB
CDS: on
MetaspaceReclaimPolicy: balanced
 - commit_granule_bytes: 65536.
 - commit_granule_words: 8192.
 - virtual_space_node_default_size: 8388608.
 - enlarge_chunks_in_place: 1.
 - new_chunks_are_fully_committed: 0.
 - uncommit_free_chunks: 1.
 - use_allocation_guard: 0.
 - handle_deallocations: 1.


Internal statistics:

num_allocs_failed_limit: 3.
num_arena_births: 574.
num_arena_deaths: 0.
num_vsnodes_births: 2.
num_vsnodes_deaths: 0.
num_space_committed: 452.
num_space_uncommitted: 0.
num_chunks_returned_to_freelist: 3.
num_chunks_taken_from_freelist: 1578.
num_chunk_merges: 3.
num_chunk_splits: 1088.
num_chunks_enlarged: 777.
num_inconsistent_stats: 0.

CodeCache: size=49152Kb used=7906Kb max_used=7906Kb free=41245Kb
 bounds [0x000002863bcc0000, 0x000002863c480000, 0x000002863ecc0000]
 total_blobs=4469 nmethods=3945 adapters=449
 compilation: enabled
              stopped_count=0, restarted_count=0
 full_count=0

Compilation events (20 events):
Event: 9.145 Thread 0x0000028684e29200 3931       1       java.lang.invoke.MethodHandles::argumentsWithCombiner (130 bytes)
Event: 9.146 Thread 0x0000028684e29200 nmethod 3931 0x000002863c46e390 code [0x000002863c46e5a0, 0x000002863c46ea98]
Event: 9.146 Thread 0x0000028684161370 3932       1       java.lang.invoke.MethodHandles::argumentsWithCombinerChecks (197 bytes)
Event: 9.146 Thread 0x0000028684161370 nmethod 3932 0x000002863c46ef90 code [0x000002863c46f280, 0x000002863c46fc38]
Event: 9.147 Thread 0x0000028684161370 3933       1       java.lang.invoke.StringConcatFactory::parseRecipe (198 bytes)
Event: 9.148 Thread 0x0000028684161370 nmethod 3933 0x000002863c470310 code [0x000002863c4705e0, 0x000002863c471378]
Event: 9.158 Thread 0x0000028684161370 3934       1       java.lang.invoke.InvokerBytecodeGenerator::addMethod (725 bytes)
Event: 9.159 Thread 0x0000028684161370 nmethod 3934 0x000002863c472290 code [0x000002863c4726a0, 0x000002863c4735f8]
Event: 9.161 Thread 0x0000028684161370 3937       1       java.lang.invoke.InvokerBytecodeGenerator::emitIconstInsn (75 bytes)
Event: 9.162 Thread 0x0000028684161370 nmethod 3937 0x000002863c474910 code [0x000002863c474b00, 0x000002863c474db8]
Event: 9.163 Thread 0x0000028684161370 3944       1       java.lang.invoke.LambdaFormBuffer::clearDuplicatesAndNulls (268 bytes)
Event: 9.163 Thread 0x0000028684161370 nmethod 3944 0x000002863c476110 code [0x000002863c476300, 0x000002863c476878]
Event: 9.179 Thread 0x0000028684e29200 3945       1       javax.management.ObjectName$Property::setKeyIndex (6 bytes)
Event: 9.179 Thread 0x0000028684e29200 nmethod 3945 0x000002863c476c10 code [0x000002863c476da0, 0x000002863c476e78]
Event: 9.179 Thread 0x0000028684161370 3946       1       java.lang.invoke.DirectMethodHandle$Holder::invokeStatic (22 bytes)
Event: 9.179 Thread 0x0000028684161370 nmethod 3946 0x000002863c476f10 code [0x000002863c4770c0, 0x000002863c4771d8]
Event: 9.191 Thread 0x0000028684161370 3947       1       java.lang.invoke.MethodHandles::insertArguments (98 bytes)
Event: 9.191 Thread 0x0000028684e29200 3948       1       java.lang.invoke.MethodHandles::insertArgumentsChecks (51 bytes)
Event: 9.191 Thread 0x0000028684e29200 nmethod 3948 0x000002863c477310 code [0x000002863c4774c0, 0x000002863c4776d8]
Event: 9.191 Thread 0x0000028684161370 nmethod 3947 0x000002863c477890 code [0x000002863c477aa0, 0x000002863c477f28]

GC Heap History (19 events):
Event: 0.269 GC heap before
{Heap before GC invocations=0 (full 0):
 garbage-first heap   total 65536K, used 6144K [0x00000000c0000000, 0x0000000100000000)
  region size 1024K, 6 young (6144K), 0 survivors (0K)
 Metaspace       used 320K, committed 512K, reserved 1114112K
  class space    used 18K, committed 128K, reserved 1048576K
}
Event: 0.274 GC heap after
{Heap after GC invocations=1 (full 0):
 garbage-first heap   total 65536K, used 5240K [0x00000000c0000000, 0x0000000100000000)
  region size 1024K, 1 young (1024K), 1 survivors (1024K)
 Metaspace       used 320K, committed 512K, reserved 1114112K
  class space    used 18K, committed 128K, reserved 1048576K
}
Event: 0.431 GC heap before
{Heap before GC invocations=1 (full 0):
 garbage-first heap   total 65536K, used 8312K [0x00000000c0000000, 0x0000000100000000)
  region size 1024K, 4 young (4096K), 1 survivors (1024K)
 Metaspace       used 2692K, committed 2816K, reserved 1114112K
  class space    used 322K, committed 384K, reserved 1048576K
}
Event: 0.435 GC heap after
{Heap after GC invocations=2 (full 0):
 garbage-first heap   total 65536K, used 6579K [0x00000000c0000000, 0x0000000100000000)
  region size 1024K, 1 young (1024K), 1 survivors (1024K)
 Metaspace       used 2692K, committed 2816K, reserved 1114112K
  class space    used 322K, committed 384K, reserved 1048576K
}
Event: 0.982 GC heap before
{Heap before GC invocations=2 (full 0):
 garbage-first heap   total 65536K, used 12723K [0x00000000c0000000, 0x0000000100000000)
  region size 1024K, 7 young (7168K), 1 survivors (1024K)
 Metaspace       used 6115K, committed 6336K, reserved 1114112K
  class space    used 761K, committed 896K, reserved 1048576K
}
Event: 1.023 GC heap after
{Heap after GC invocations=3 (full 0):
 garbage-first heap   total 65536K, used 7742K [0x00000000c0000000, 0x0000000100000000)
  region size 1024K, 1 young (1024K), 1 survivors (1024K)
 Metaspace       used 6115K, committed 6336K, reserved 1114112K
  class space    used 761K, committed 896K, reserved 1048576K
}
Event: 2.375 GC heap before
{Heap before GC invocations=3 (full 0):
 garbage-first heap   total 65536K, used 17982K [0x00000000c0000000, 0x0000000100000000)
  region size 1024K, 11 young (11264K), 1 survivors (1024K)
 Metaspace       used 7707K, committed 8000K, reserved 1114112K
  class space    used 1002K, committed 1152K, reserved 1048576K
}
Event: 2.387 GC heap after
{Heap after GC invocations=4 (full 0):
 garbage-first heap   total 65536K, used 8280K [0x00000000c0000000, 0x0000000100000000)
  region size 1024K, 2 young (2048K), 2 survivors (2048K)
 Metaspace       used 7707K, committed 8000K, reserved 1114112K
  class space    used 1002K, committed 1152K, reserved 1048576K
}
Event: 4.746 GC heap before
{Heap before GC invocations=4 (full 0):
 garbage-first heap   total 65536K, used 36952K [0x00000000c0000000, 0x0000000100000000)
  region size 1024K, 31 young (31744K), 2 survivors (2048K)
 Metaspace       used 14204K, committed 14464K, reserved 1114112K
  class space    used 1896K, committed 1984K, reserved 1048576K
}
Event: 4.760 GC heap after
{Heap after GC invocations=5 (full 0):
 garbage-first heap   total 65536K, used 10814K [0x00000000c0000000, 0x0000000100000000)
  region size 1024K, 4 young (4096K), 4 survivors (4096K)
 Metaspace       used 14204K, committed 14464K, reserved 1114112K
  class space    used 1896K, committed 1984K, reserved 1048576K
}
Event: 6.669 GC heap before
{Heap before GC invocations=5 (full 0):
 garbage-first heap   total 65536K, used 42558K [0x00000000c0000000, 0x0000000100000000)
  region size 1024K, 36 young (36864K), 4 survivors (4096K)
 Metaspace       used 19743K, committed 20032K, reserved 1114112K
  class space    used 2654K, committed 2816K, reserved 1048576K
}
Event: 6.684 GC heap after
{Heap after GC invocations=6 (full 0):
 garbage-first heap   total 65536K, used 13710K [0x00000000c0000000, 0x0000000100000000)
  region size 1024K, 5 young (5120K), 5 survivors (5120K)
 Metaspace       used 19743K, committed 20032K, reserved 1114112K
  class space    used 2654K, committed 2816K, reserved 1048576K
}
Event: 7.782 GC heap before
{Heap before GC invocations=6 (full 0):
 garbage-first heap   total 65536K, used 33166K [0x00000000c0000000, 0x0000000100000000)
  region size 1024K, 25 young (25600K), 5 survivors (5120K)
 Metaspace       used 21213K, committed 21504K, reserved 1114112K
  class space    used 2869K, committed 3008K, reserved 1048576K
}
Event: 7.791 GC heap after
{Heap after GC invocations=7 (full 0):
 garbage-first heap   total 65536K, used 14676K [0x00000000c0000000, 0x0000000100000000)
  region size 1024K, 2 young (2048K), 2 survivors (2048K)
 Metaspace       used 21213K, committed 21504K, reserved 1114112K
  class space    used 2869K, committed 3008K, reserved 1048576K
}
Event: 8.715 GC heap before
{Heap before GC invocations=8 (full 0):
 garbage-first heap   total 55296K, used 45396K [0x00000000c0000000, 0x0000000100000000)
  region size 1024K, 32 young (32768K), 2 survivors (2048K)
 Metaspace       used 25223K, committed 25600K, reserved 1114112K
  class space    used 3528K, committed 3712K, reserved 1048576K
}
Event: 8.724 GC heap after
{Heap after GC invocations=9 (full 0):
 garbage-first heap   total 55296K, used 17103K [0x00000000c0000000, 0x0000000100000000)
  region size 1024K, 4 young (4096K), 4 survivors (4096K)
 Metaspace       used 25223K, committed 25600K, reserved 1114112K
  class space    used 3528K, committed 3712K, reserved 1048576K
}
Event: 8.746 GC heap before
{Heap before GC invocations=9 (full 0):
 garbage-first heap   total 55296K, used 18127K [0x00000000c0000000, 0x0000000100000000)
  region size 1024K, 5 young (5120K), 4 survivors (4096K)
 Metaspace       used 25498K, committed 25920K, reserved 1114112K
  class space    used 3575K, committed 3776K, reserved 1048576K
}
Event: 8.758 GC heap after
{Heap after GC invocations=10 (full 0):
 garbage-first heap   total 55296K, used 17559K [0x00000000c0000000, 0x0000000100000000)
  region size 1024K, 1 young (1024K), 1 survivors (1024K)
 Metaspace       used 25498K, committed 25920K, reserved 1114112K
  class space    used 3575K, committed 3776K, reserved 1048576K
}
Event: 9.198 GC heap before
{Heap before GC invocations=10 (full 0):
 garbage-first heap   total 55296K, used 40087K [0x00000000c0000000, 0x0000000100000000)
  region size 1024K, 23 young (23552K), 1 survivors (1024K)
 Metaspace       used 28521K, committed 28928K, reserved 1114112K
  class space    used 3972K, committed 4160K, reserved 1048576K
}

Deoptimization events (0 events):
No events

Classes unloaded (0 events):
No events

Classes redefined (0 events):
No events

Internal exceptions (20 events):
Event: 8.695 Thread 0x0000028684befb70 Exception <a 'java/lang/IncompatibleClassChangeError'{0x00000000c1640d88}: Found class java.lang.Object, but interface was expected> (0x00000000c1640d88) 
thrown [s\open\src\hotspot\share\interpreter\linkResolver.cpp, line 826]
Event: 8.696 Thread 0x0000028684befb70 Exception <a 'java/lang/IncompatibleClassChangeError'{0x00000000c1645b80}: Found class java.lang.Object, but interface was expected> (0x00000000c1645b80) 
thrown [s\open\src\hotspot\share\interpreter\linkResolver.cpp, line 826]
Event: 8.696 Thread 0x0000028684befb70 Exception <a 'java/lang/IncompatibleClassChangeError'{0x00000000c164ac90}: Found class java.lang.Object, but interface was expected> (0x00000000c164ac90) 
thrown [s\open\src\hotspot\share\interpreter\linkResolver.cpp, line 826]
Event: 8.706 Thread 0x0000028684b79c50 Exception <a 'java/lang/reflect/InvocationTargetException'{0x00000000c256bec0}> (0x00000000c256bec0) 
thrown [s\open\src\hotspot\share\runtime\reflection.cpp, line 1121]
Event: 8.743 Thread 0x0000028684befb70 Exception <a 'java/lang/NoSuchMethodError'{0x00000000c3fdc390}: 'java.lang.Object java.lang.invoke.DirectMethodHandle$Holder.invokeSpecialIFC(java.lang.Object, java.lang.Object, java.lang.Object)'> (0x00000000c3fdc390) 
thrown [s\open\src\hotspot\share\interpreter\linkResolver.cpp, line 759]
Event: 8.890 Thread 0x0000028684befb70 Exception <a 'java/lang/NoSuchMethodError'{0x00000000c2ff6208}: 'void java.lang.invoke.DirectMethodHandle$Holder.invokeInterface(java.lang.Object, java.lang.Object, int)'> (0x00000000c2ff6208) 
thrown [s\open\src\hotspot\share\interpreter\linkResolver.cpp, line 759]
Event: 8.893 Thread 0x0000028684befb70 Exception <a 'java/lang/IncompatibleClassChangeError'{0x00000000c2e46128}: Found class java.lang.Object, but interface was expected> (0x00000000c2e46128) 
thrown [s\open\src\hotspot\share\interpreter\linkResolver.cpp, line 826]
Event: 8.894 Thread 0x0000028684befb70 Exception <a 'java/lang/NoSuchMethodError'{0x00000000c2e695a8}: 'void java.lang.invoke.DirectMethodHandle$Holder.invokeStatic(java.lang.Object, int, java.lang.Object)'> (0x00000000c2e695a8) 
thrown [s\open\src\hotspot\share\interpreter\linkResolver.cpp, line 759]
Event: 8.898 Thread 0x0000028684befb70 Exception <a 'java/lang/NoSuchMethodError'{0x00000000c2ea5e88}: 'void java.lang.invoke.DirectMethodHandle$Holder.invokeVirtual(java.lang.Object, java.lang.Object, int)'> (0x00000000c2ea5e88) 
thrown [s\open\src\hotspot\share\interpreter\linkResolver.cpp, line 759]
Event: 8.898 Thread 0x0000028684befb70 Exception <a 'java/lang/NoSuchMethodError'{0x00000000c2eac0d0}: 'void java.lang.invoke.DirectMethodHandle$Holder.invokeStatic(java.lang.Object, java.lang.Object, java.lang.Object, int, java.lang.Object)'> (0x00000000c2eac0d0) 
thrown [s\open\src\hotspot\share\interpreter\linkResolver.cpp, line 759]
Event: 8.898 Thread 0x0000028684befb70 Exception <a 'java/lang/NoSuchMethodError'{0x00000000c2eb35d8}: 'java.lang.Object java.lang.invoke.DirectMethodHandle$Holder.newInvokeSpecial(java.lang.Object, java.lang.Object, java.lang.Object, int)'> (0x00000000c2eb35d8) 
thrown [s\open\src\hotspot\share\interpreter\linkResolver.cpp, line 759]
Event: 8.898 Thread 0x0000028684befb70 Exception <a 'java/lang/NoSuchMethodError'{0x00000000c2eb78c0}: 'java.lang.Object java.lang.invoke.DirectMethodHandle$Holder.invokeSpecial(java.lang.Object, java.lang.Object, java.lang.Object, java.lang.Object, int)'> (0x00000000c2eb78c0) 
thrown [s\open\src\hotspot\share\interpreter\linkResolver.cpp, line 759]
Event: 8.899 Thread 0x0000028684befb70 Exception <a 'java/lang/NoSuchMethodError'{0x00000000c2ebb488}: 'java.lang.Object java.lang.invoke.Invokers$Holder.linkToTargetMethod(java.lang.Object, java.lang.Object, int, java.lang.Object)'> (0x00000000c2ebb488) 
thrown [s\open\src\hotspot\share\interpreter\linkResolver.cpp, line 759]
Event: 9.122 Thread 0x0000028684befb70 Exception <a 'sun/nio/fs/WindowsException'{0x00000000c21ae318}> (0x00000000c21ae318) 
thrown [s\open\src\hotspot\share\prims\jni.cpp, line 516]
Event: 9.123 Thread 0x0000028684befb70 Exception <a 'sun/nio/fs/WindowsException'{0x00000000c21b3dd0}> (0x00000000c21b3dd0) 
thrown [s\open\src\hotspot\share\prims\jni.cpp, line 516]
Event: 9.123 Thread 0x0000028684befb70 Exception <a 'sun/nio/fs/WindowsException'{0x00000000c21b40e0}> (0x00000000c21b40e0) 
thrown [s\open\src\hotspot\share\prims\jni.cpp, line 516]
Event: 9.124 Thread 0x0000028684befb70 Exception <a 'sun/nio/fs/WindowsException'{0x00000000c21b4ec8}> (0x00000000c21b4ec8) 
thrown [s\open\src\hotspot\share\prims\jni.cpp, line 516]
Event: 9.124 Thread 0x0000028684befb70 Exception <a 'sun/nio/fs/WindowsException'{0x00000000c21b5240}> (0x00000000c21b5240) 
thrown [s\open\src\hotspot\share\prims\jni.cpp, line 516]
Event: 9.162 Thread 0x0000028684befb70 Exception <a 'java/lang/NoSuchMethodError'{0x00000000c1f02a18}: 'java.lang.Object java.lang.invoke.DirectMethodHandle$Holder.invokeSpecial(java.lang.Object, java.lang.Object, long, java.lang.Object, java.lang.Object, java.lang.Object, java.lang.Object, java.lang.Object, java.lang.Object)'> (0x00000000c1f02a18) 
thrown [s\open\src\hotspot\share\interpreter\linkResolver.cpp, line 759]
Event: 9.163 Thread 0x0000028684befb70 Exception <a 'java/lang/NoSuchMethodError'{0x00000000c1f07540}: 'java.lang.Object java.lang.invoke.DelegatingMethodHandle$Holder.reinvoke_L(java.lang.Object, long, java.lang.Object, java.lang.Object, java.lang.Object, java.lang.Object, java.lang.Object, java.lang.Object)'> (0x00000000c1f07540) 
thrown [s\open\src\hotspot\share\interpreter\linkResolver.cpp, line 759]

VM Operations (20 events):
Event: 7.980 Executing VM operation: HandshakeAllThreads done
Event: 7.981 Executing VM operation: HandshakeAllThreads
Event: 7.981 Executing VM operation: HandshakeAllThreads done
Event: 7.986 Executing VM operation: HandshakeAllThreads
Event: 7.986 Executing VM operation: HandshakeAllThreads done
Event: 8.055 Executing VM operation: HandshakeAllThreads
Event: 8.055 Executing VM operation: HandshakeAllThreads done
Event: 8.483 Executing VM operation: HandshakeAllThreads
Event: 8.483 Executing VM operation: HandshakeAllThreads done
Event: 8.651 Executing VM operation: HandshakeAllThreads
Event: 8.651 Executing VM operation: HandshakeAllThreads done
Event: 8.715 Executing VM operation: G1CollectForAllocation
Event: 8.725 Executing VM operation: G1CollectForAllocation done
Event: 8.746 Executing VM operation: G1CollectForAllocation
Event: 8.758 Executing VM operation: G1CollectForAllocation done
Event: 8.952 Executing VM operation: HandshakeAllThreads
Event: 8.952 Executing VM operation: HandshakeAllThreads done
Event: 9.180 Executing VM operation: HandshakeAllThreads
Event: 9.180 Executing VM operation: HandshakeAllThreads done
Event: 9.198 Executing VM operation: G1CollectForAllocation

Events (20 events):
Event: 9.014 loading class java/io/InterruptedIOException done
Event: 9.014 loading class java/net/SocketTimeoutException done
Event: 9.015 loading class java/beans/PropertyChangeSupport
Event: 9.015 loading class java/beans/PropertyChangeSupport done
Event: 9.015 loading class java/beans/PropertyChangeSupport$PropertyChangeListenerMap
Event: 9.015 loading class java/beans/ChangeListenerMap
Event: 9.015 loading class java/beans/ChangeListenerMap done
Event: 9.015 loading class java/beans/PropertyChangeSupport$PropertyChangeListenerMap done
Event: 9.015 loading class java/beans/PropertyChangeListener
Event: 9.015 loading class java/beans/PropertyChangeListener done
Event: 9.032 loading class java/beans/PropertyChangeEvent
Event: 9.032 loading class java/beans/PropertyChangeEvent done
Event: 9.044 loading class java/nio/BufferUnderflowException
Event: 9.044 loading class java/nio/BufferUnderflowException done
Event: 9.054 loading class java/io/FileReader
Event: 9.054 loading class java/io/FileReader done
Event: 9.091 loading class java/lang/instrument/IllegalClassFormatException
Event: 9.091 loading class java/lang/instrument/IllegalClassFormatException done
Event: 9.151 loading class java/util/logging/LogRecord
Event: 9.151 loading class java/util/logging/LogRecord done


Dynamic libraries:
0x00007ff6d2b90000 - 0x00007ff6d2ba0000 	C:\Program Files\Java\jdk-17\bin\javaw.exe
0x00007ffac37e0000 - 0x00007ffac39e1000 	C:\Windows\SYSTEM32\ntdll.dll
0x00007ffac29c0000 - 0x00007ffac2a7e000 	C:\Windows\System32\KERNEL32.DLL
0x00007ffac1020000 - 0x00007ffac1390000 	C:\Windows\System32\KERNELBASE.dll
0x00007ffac1560000 - 0x00007ffac1670000 	C:\Windows\System32\ucrtbase.dll
0x00007ffab6870000 - 0x00007ffab6889000 	C:\Program Files\Java\jdk-17\bin\jli.dll
0x00007ffab6c20000 - 0x00007ffab6c3b000 	C:\Program Files\Java\jdk-17\bin\VCRUNTIME140.dll
0x00007ffac2a90000 - 0x00007ffac2b41000 	C:\Windows\System32\ADVAPI32.dll
0x00007ffac1c00000 - 0x00007ffac1ca3000 	C:\Windows\System32\msvcrt.dll
0x00007ffac2590000 - 0x00007ffac2632000 	C:\Windows\System32\sechost.dll
0x00007ffac0fc0000 - 0x00007ffac0fe7000 	C:\Windows\System32\bcrypt.dll
0x00007ffac1f80000 - 0x00007ffac209e000 	C:\Windows\System32\RPCRT4.dll
0x00007ffac1750000 - 0x00007ffac18f5000 	C:\Windows\System32\USER32.dll
0x00007ffaadf50000 - 0x00007ffaae1f5000 	C:\Windows\WinSxS\amd64_microsoft.windows.common-controls_6595b64144ccf1df_6.0.20348.2849_none_947683b1eef1cae2\COMCTL32.dll
0x00007ffac0ff0000 - 0x00007ffac1016000 	C:\Windows\System32\win32u.dll
0x00007ffac2d60000 - 0x00007ffac2d8c000 	C:\Windows\System32\GDI32.dll
0x00007ffac0d40000 - 0x00007ffac0e5b000 	C:\Windows\System32\gdi32full.dll
0x00007ffac0e60000 - 0x00007ffac0f00000 	C:\Windows\System32\msvcp_win.dll
0x00007ffab7870000 - 0x00007ffab787a000 	C:\Windows\SYSTEM32\VERSION.dll
0x00007ffac1900000 - 0x00007ffac1931000 	C:\Windows\System32\IMM32.DLL
0x00007ffab6860000 - 0x00007ffab686c000 	C:\Program Files\Java\jdk-17\bin\vcruntime140_1.dll
0x00007ffaa73b0000 - 0x00007ffaa743e000 	C:\Program Files\Java\jdk-17\bin\msvcp140.dll
0x00007ffa9d600000 - 0x00007ffa9e1e0000 	C:\Program Files\Java\jdk-17\bin\server\jvm.dll
0x00007ffac2a80000 - 0x00007ffac2a88000 	C:\Windows\System32\PSAPI.DLL
0x00007ffab6850000 - 0x00007ffab6859000 	C:\Windows\SYSTEM32\WSOCK32.dll
0x00007ffab8b00000 - 0x00007ffab8b27000 	C:\Windows\SYSTEM32\WINMM.dll
0x00007ffac1cc0000 - 0x00007ffac1d31000 	C:\Windows\System32\WS2_32.dll
0x00007ffabf670000 - 0x00007ffabf687000 	C:\Windows\SYSTEM32\kernel.appcore.dll
0x00007ffab6840000 - 0x00007ffab684a000 	C:\Program Files\Java\jdk-17\bin\jimage.dll
0x00007ffab7ba0000 - 0x00007ffab7db1000 	C:\Windows\SYSTEM32\DBGHELP.DLL
0x00007ffab78b0000 - 0x00007ffab78e0000 	C:\Windows\SYSTEM32\dbgcore.DLL
0x00007ffac1670000 - 0x00007ffac16ef000 	C:\Windows\System32\bcryptPrimitives.dll
0x00007ffab65b0000 - 0x00007ffab65d5000 	C:\Program Files\Java\jdk-17\bin\java.dll
0x00007ffaa72d0000 - 0x00007ffaa73a7000 	C:\Program Files\Java\jdk-17\bin\jsvml.dll
0x00007ffac2e80000 - 0x00007ffac35da000 	C:\Windows\System32\SHELL32.dll
0x00007ffab56a0000 - 0x00007ffab5ee3000 	C:\Windows\SYSTEM32\windows.storage.dll
0x00007ffac2640000 - 0x00007ffac29b1000 	C:\Windows\System32\combase.dll
0x00007ffac2d90000 - 0x00007ffac2e7a000 	C:\Windows\System32\SHCORE.dll
0x00007ffac20b0000 - 0x00007ffac210f000 	C:\Windows\System32\shlwapi.dll
0x00007ffac0c70000 - 0x00007ffac0c91000 	C:\Windows\SYSTEM32\profapi.dll
0x00007ffab61d0000 - 0x00007ffab61e9000 	C:\Program Files\Java\jdk-17\bin\net.dll
0x00007ffaba990000 - 0x00007ffabaa98000 	C:\Windows\SYSTEM32\WINHTTP.dll
0x00007ffac0260000 - 0x00007ffac02c8000 	C:\Windows\system32\mswsock.dll
0x00007ffaad860000 - 0x00007ffaad876000 	C:\Program Files\Java\jdk-17\bin\nio.dll
0x00007ffaa72b0000 - 0x00007ffaa72c8000 	C:\Program Files\Java\jdk-17\bin\zip.dll
0x00007ffaa72a0000 - 0x00007ffaa72aa000 	C:\Program Files\Java\jdk-17\bin\management.dll
0x00007ffaa7290000 - 0x00007ffaa729b000 	C:\Program Files\Java\jdk-17\bin\management_ext.dll
0x00007ffab4c30000 - 0x00007ffab4c47000 	C:\Windows\system32\napinsp.dll
0x00007ffabffb0000 - 0x00007ffac0097000 	C:\Windows\SYSTEM32\DNSAPI.dll
0x00007ffabff80000 - 0x00007ffabffad000 	C:\Windows\SYSTEM32\IPHLPAPI.DLL
0x00007ffac20a0000 - 0x00007ffac20a9000 	C:\Windows\System32\NSI.dll
0x00007ffab4c10000 - 0x00007ffab4c22000 	C:\Windows\System32\winrnr.dll
0x00007ffab4760000 - 0x00007ffab477f000 	C:\Windows\system32\nlansp_c.dll
0x00007ffab4740000 - 0x00007ffab4755000 	C:\Windows\system32\wshbth.dll
0x00007ffab99d0000 - 0x00007ffab99da000 	C:\Windows\System32\rasadhlp.dll
0x00007ffabae00000 - 0x00007ffabae83000 	C:\Windows\System32\fwpuclnt.dll
0x00007ffac04b0000 - 0x00007ffac04cb000 	C:\Windows\SYSTEM32\CRYPTSP.dll
0x00007ffabfd60000 - 0x00007ffabfd95000 	C:\Windows\system32\rsaenh.dll
0x00007ffac0360000 - 0x00007ffac038e000 	C:\Windows\SYSTEM32\USERENV.dll
0x00007ffac04d0000 - 0x00007ffac04dc000 	C:\Windows\SYSTEM32\CRYPTBASE.dll
0x00007ffababa0000 - 0x00007ffababb9000 	C:\Windows\SYSTEM32\dhcpcsvc6.DLL
0x00007ffabab60000 - 0x00007ffabab7d000 	C:\Windows\SYSTEM32\dhcpcsvc.DLL
0x00007ffab6830000 - 0x00007ffab683e000 	C:\Program Files\Java\jdk-17\bin\sunmscapi.dll
0x00007ffac1400000 - 0x00007ffac155f000 	C:\Windows\System32\CRYPT32.dll
0x00007ffac05d0000 - 0x00007ffac05ff000 	C:\Windows\SYSTEM32\ncrypt.dll
0x00007ffac0590000 - 0x00007ffac05c7000 	C:\Windows\SYSTEM32\NTASN1.dll

dbghelp: loaded successfully - version: 4.0.5 - missing functions: none
symbol engine: initialized successfully - sym options: 0x614 - pdb path: .;C:\Program Files\Java\jdk-17\bin;C:\Windows\SYSTEM32;C:\Windows\WinSxS\amd64_microsoft.windows.common-controls_6595b64144ccf1df_6.0.20348.2849_none_947683b1eef1cae2;C:\Program Files\Java\jdk-17\bin\server

VM Arguments:
jvm_args: -Dcom.sun.management.jmxremote -Dcom.sun.management.jmxremote.port=54692 -Dcom.sun.management.jmxremote.authenticate=false -Dcom.sun.management.jmxremote.ssl=false -Djava.rmi.server.hostname=localhost -Dspring.jmx.enabled=true -Dmanagement.endpoints.jmx.exposure.include=* -Dspring.application.admin.enabled=true -XX:TieredStopAtLevel=1 -Dspring.boot.project.name=FuncionarioProject -Dfile.encoding=UTF-8 -Dstdout.encoding=UTF-8 -Dstderr.encoding=UTF-8 -XX:+ShowCodeDetailsInExceptionMessages 
java_command: com.example.demo.FuncionarioProjectApplication --spring.output.ansi.enabled=always
java_class_path (initial): C:\Users\Administrator\FuncionarioProject\target\classes;C:\Users\Administrator\.m2\repository\org\springframework\boot\spring-boot-starter-data-jpa\3.3.5\spring-boot-starter-data-jpa-3.3.5.jar;C:\Users\Administrator\.m2\repository\org\springframework\boot\spring-boot-starter-aop\3.3.5\spring-boot-starter-aop-3.3.5.jar;C:\Users\Administrator\.m2\repository\org\aspectj\aspectjweaver\1.9.22.1\aspectjweaver-1.9.22.1.jar;C:\Users\Administrator\.m2\repository\org\springframework\boot\spring-boot-starter-jdbc\3.3.5\spring-boot-starter-jdbc-3.3.5.jar;C:\Users\Administrator\.m2\repository\com\zaxxer\HikariCP\5.1.0\HikariCP-5.1.0.jar;C:\Users\Administrator\.m2\repository\org\springframework\spring-jdbc\6.1.14\spring-jdbc-6.1.14.jar;C:\Users\Administrator\.m2\repository\org\hibernate\orm\hibernate-core\6.5.3.Final\hibernate-core-6.5.3.Final.jar;C:\Users\Administrator\.m2\repository\jakarta\persistence\jakarta.persistence-api\3.1.0\jakarta.persistence-api-3.1.0.jar;C:\Users\Administrator\.m2\repository\jakarta\transaction\jakarta.transaction-api\2.0.1\jakarta.transaction-api-2.0.1.jar;C:\Users\Administrator\.m2\repository\org\jboss\logging\jboss-logging\3.5.3.Final\jboss-logging-3.5.3.Final.jar;C:\Users\Administrator\.m2\repository\org\hibernate\common\hibernate-commons-annotations\6.0.6.Final\hibernate-commons-annotations-6.0.6.Final.jar;C:\Users\Administrator\.m2\repository\io\smallrye\jandex\3.1.2\jandex-3.1.2.jar;C:\Users\Administrator\.m2\repository\com\fasterxml\classmate\1.7.0\classmate-1.7.0.jar;C:\Users\Administrator\.m2\repository\net\bytebuddy\byte-buddy\1.14.19\byte-buddy-1.14.19.jar;C:\Users\Administrator\.m2\repository\org\glassfish\jaxb\jaxb-runtime\4.0.5\jaxb-runtime-4.0.5.jar;C:\Users\Administrator\.m2\repository\org\glassfish\jaxb\jaxb-core\4.0.5\jaxb-core-4.0.5.jar;C:\Users\Administrator\.m2\repository\org\eclipse\angus\angus-activation\2.0.2\angus-activation-2.0.2.jar;C:\Users\Administrator\.m2\repository\org\glassfish\jaxb\txw2
Launcher Type: SUN_STANDARD

[Global flags]
     intx CICompilerCount                          = 2                                         {product} {ergonomic}
     uint ConcGCThreads                            = 1                                         {product} {ergonomic}
     uint G1ConcRefinementThreads                  = 2                                         {product} {ergonomic}
   size_t G1HeapRegionSize                         = 1048576                                   {product} {ergonomic}
    uintx GCDrainStackTargetSize                   = 64                                        {product} {ergonomic}
   size_t InitialHeapSize                          = 67108864                                  {product} {ergonomic}
     bool ManagementServer                         = true                                      {product} {command line}
   size_t MarkStackSize                            = 4194304                                   {product} {ergonomic}
   size_t MaxHeapSize                              = 1073741824                                {product} {ergonomic}
   size_t MaxNewSize                               = 643825664                                 {product} {ergonomic}
   size_t MinHeapDeltaBytes                        = 1048576                                   {product} {ergonomic}
   size_t MinHeapSize                              = 8388608                                   {product} {ergonomic}
    uintx NonProfiledCodeHeapSize                  = 0                                      {pd product} {ergonomic}
     bool ProfileInterpreter                       = false                                  {pd product} {command line}
    uintx ProfiledCodeHeapSize                     = 0                                      {pd product} {ergonomic}
     bool ShowCodeDetailsInExceptionMessages       = true                                   {manageable} {command line}
   size_t SoftMaxHeapSize                          = 1073741824                             {manageable} {ergonomic}
     intx TieredStopAtLevel                        = 1                                         {product} {command line}
     bool UseCompressedClassPointers               = true                           {product lp64_product} {ergonomic}
     bool UseCompressedOops                        = true                           {product lp64_product} {ergonomic}
     bool UseG1GC                                  = true                                      {product} {ergonomic}
     bool UseLargePagesIndividualAllocation        = false                                  {pd product} {ergonomic}

Logging:
Log output configuration:
 #0: stdout all=warning uptime,level,tags
 #1: stderr all=off uptime,level,tags

Environment Variables:
JAVA_HOME=C:\Program Files\Java\jdk-17
PATH=C:/spring-tool-suite-4-4.26.0.RELEASE-e4.33.0-win32.win32.x86_64/sts-4.26.0.RELEASE//plugins/org.eclipse.justj.openjdk.hotspot.jre.full.win32.x86_64_21.0.4.v20240802-1551/jre/bin/server;C:/spring-tool-suite-4-4.26.0.RELEASE-e4.33.0-win32.win32.x86_64/sts-4.26.0.RELEASE//plugins/org.eclipse.justj.openjdk.hotspot.jre.full.win32.x86_64_21.0.4.v20240802-1551/jre/bin;D:\nodejs\;C:\Program Files\Common Files\Oracle\Java\javapath;C:\Windows\system32;C:\Windows;C:\Windows\System32\Wbem;C:\Windows\System32\WindowsPowerShell\v1.0\;C:\Windows\System32\OpenSSH\;C:\Program Files\Amazon\cfn-bootstrap\;C:\Program Files\Java\jdk-17\bin;C:\apache-maven-3.9.9\bin;C:\Program Files\Git\cmd;C:\Program Files\Git\bin;"C:\Program Files\MySQL\MySQL Shell 8.0\bin;";"C:\Users\Administrator\AppData\Local\Microsoft\WindowsApps;";C:\Users\Administrator\AppData\Roaming\npm;C:\spring-tool-suite-4-4.26.0.RELEASE-e4.33.0-win32.win32.x86_64\sts-4.26.0.RELEASE;
USERNAME=Administrator
OS=Windows_NT
PROCESSOR_IDENTIFIER=Intel64 Family 6 Model 79 Stepping 1, GenuineIntel



---------------  S Y S T E M  ---------------

OS:
 Windows Server 2022 , 64 bit Build 20348 (10.0.20348.3089)
OS uptime: 0 days 22:44 hours
Xen hardware-assisted virtualization detected

CPU: total 2 (initial active 2) (2 cores per cpu, 1 threads per core) family 6 model 79 stepping 1 microcode 0xd0003f6, cx8, cmov, fxsr, mmx, sse, sse2, sse3, ssse3, sse4.1, sse4.2, popcnt, lzcnt, tsc, avx, avx2, aes, erms, clmul, bmi1, bmi2, fma, vzeroupper, clflush, hv

Memory: 4k page, system-wide physical 4095M (339M free)
TotalPageFile size 5686M (AvailPageFile size 13M)
current process WorkingSet (physical memory assigned to process): 140M, peak: 140M
current process commit charge ("private bytes"): 181M, peak: 225M

vm_info: Java HotSpot(TM) 64-Bit Server VM (17.0.12+8-LTS-286) for windows-amd64 JRE (17.0.12+8-LTS-286), built on Jun  5 2024 06:46:59 by "mach5one" with MS VC++ 17.6 (VS2022)

END.
